<?xml version="1.0" encoding="UTF-8"?>
<testsuite xmlns:xsi="http://www.w3.org/2001/XMLSchema-instance" xsi:noNamespaceSchemaLocation="https://maven.apache.org/surefire/maven-surefire-plugin/xsd/surefire-test-report.xsd" version="3.0.2" name="com.demo.ProyectoFinalApplicationTests" time="52.706" tests="1" errors="0" skipped="0" failures="0">
  <properties>
    <property name="java.specification.version" value="21"/>
    <property name="sun.cpu.isalist" value="amd64"/>
    <property name="sun.jnu.encoding" value="Cp1252"/>
    <property name="java.class.path" value="C:\Users\ever1\Downloads\proyecto_final_desarrollo_web\proyecto_final_desarrollo_web\proyecto_final_TBTECH\target\test-classes;C:\Users\ever1\Downloads\proyecto_final_desarrollo_web\proyecto_final_desarrollo_web\proyecto_final_TBTECH\target\classes;C:\Users\ever1\.m2\repository\org\springframework\boot\spring-boot-starter-thymeleaf\3.5.7\spring-boot-starter-thymeleaf-3.5.7.jar;C:\Users\ever1\.m2\repository\org\springframework\boot\spring-boot-starter\3.5.7\spring-boot-starter-3.5.7.jar;C:\Users\ever1\.m2\repository\org\springframework\boot\spring-boot-starter-logging\3.5.7\spring-boot-starter-logging-3.5.7.jar;C:\Users\ever1\.m2\repository\ch\qos\logback\logback-classic\1.5.20\logback-classic-1.5.20.jar;C:\Users\ever1\.m2\repository\ch\qos\logback\logback-core\1.5.20\logback-core-1.5.20.jar;C:\Users\ever1\.m2\repository\org\apache\logging\log4j\log4j-to-slf4j\2.24.3\log4j-to-slf4j-2.24.3.jar;C:\Users\ever1\.m2\repository\org\apache\logging\log4j\log4j-api\2.24.3\log4j-api-2.24.3.jar;C:\Users\ever1\.m2\repository\org\slf4j\jul-to-slf4j\2.0.17\jul-to-slf4j-2.0.17.jar;C:\Users\ever1\.m2\repository\jakarta\annotation\jakarta.annotation-api\2.1.1\jakarta.annotation-api-2.1.1.jar;C:\Users\ever1\.m2\repository\org\yaml\snakeyaml\2.4\snakeyaml-2.4.jar;C:\Users\ever1\.m2\repository\org\thymeleaf\thymeleaf-spring6\3.1.3.RELEASE\thymeleaf-spring6-3.1.3.RELEASE.jar;C:\Users\ever1\.m2\repository\org\thymeleaf\thymeleaf\3.1.3.RELEASE\thymeleaf-3.1.3.RELEASE.jar;C:\Users\ever1\.m2\repository\org\attoparser\attoparser\2.0.7.RELEASE\attoparser-2.0.7.RELEASE.jar;C:\Users\ever1\.m2\repository\org\unbescape\unbescape\1.1.6.RELEASE\unbescape-1.1.6.RELEASE.jar;C:\Users\ever1\.m2\repository\org\springframework\boot\spring-boot-starter-web\3.5.7\spring-boot-starter-web-3.5.7.jar;C:\Users\ever1\.m2\repository\org\springframework\boot\spring-boot-starter-json\3.5.7\spring-boot-starter-json-3.5.7.jar;C:\Users\ever1\.m2\repository\com\fasterxml\jackson\datatype\jackson-datatype-jdk8\2.19.2\jackson-datatype-jdk8-2.19.2.jar;C:\Users\ever1\.m2\repository\com\fasterxml\jackson\datatype\jackson-datatype-jsr310\2.19.2\jackson-datatype-jsr310-2.19.2.jar;C:\Users\ever1\.m2\repository\com\fasterxml\jackson\module\jackson-module-parameter-names\2.19.2\jackson-module-parameter-names-2.19.2.jar;C:\Users\ever1\.m2\repository\org\springframework\boot\spring-boot-starter-tomcat\3.5.7\spring-boot-starter-tomcat-3.5.7.jar;C:\Users\ever1\.m2\repository\org\apache\tomcat\embed\tomcat-embed-core\10.1.48\tomcat-embed-core-10.1.48.jar;C:\Users\ever1\.m2\repository\org\apache\tomcat\embed\tomcat-embed-el\10.1.48\tomcat-embed-el-10.1.48.jar;C:\Users\ever1\.m2\repository\org\apache\tomcat\embed\tomcat-embed-websocket\10.1.48\tomcat-embed-websocket-10.1.48.jar;C:\Users\ever1\.m2\repository\org\springframework\spring-web\6.2.12\spring-web-6.2.12.jar;C:\Users\ever1\.m2\repository\org\springframework\spring-beans\6.2.12\spring-beans-6.2.12.jar;C:\Users\ever1\.m2\repository\io\micrometer\micrometer-observation\1.15.5\micrometer-observation-1.15.5.jar;C:\Users\ever1\.m2\repository\io\micrometer\micrometer-commons\1.15.5\micrometer-commons-1.15.5.jar;C:\Users\ever1\.m2\repository\org\springframework\spring-webmvc\6.2.12\spring-webmvc-6.2.12.jar;C:\Users\ever1\.m2\repository\org\springframework\spring-aop\6.2.12\spring-aop-6.2.12.jar;C:\Users\ever1\.m2\repository\org\springframework\spring-context\6.2.12\spring-context-6.2.12.jar;C:\Users\ever1\.m2\repository\org\springframework\spring-expression\6.2.12\spring-expression-6.2.12.jar;C:\Users\ever1\.m2\repository\org\springframework\boot\spring-boot-devtools\3.5.7\spring-boot-devtools-3.5.7.jar;C:\Users\ever1\.m2\repository\org\springframework\boot\spring-boot\3.5.7\spring-boot-3.5.7.jar;C:\Users\ever1\.m2\repository\org\springframework\boot\spring-boot-autoconfigure\3.5.7\spring-boot-autoconfigure-3.5.7.jar;C:\Users\ever1\.m2\repository\org\projectlombok\lombok\1.18.42\lombok-1.18.42.jar;C:\Users\ever1\.m2\repository\org\springframework\boot\spring-boot-starter-test\3.5.7\spring-boot-starter-test-3.5.7.jar;C:\Users\ever1\.m2\repository\org\springframework\boot\spring-boot-test\3.5.7\spring-boot-test-3.5.7.jar;C:\Users\ever1\.m2\repository\org\springframework\boot\spring-boot-test-autoconfigure\3.5.7\spring-boot-test-autoconfigure-3.5.7.jar;C:\Users\ever1\.m2\repository\com\jayway\jsonpath\json-path\2.9.0\json-path-2.9.0.jar;C:\Users\ever1\.m2\repository\jakarta\xml\bind\jakarta.xml.bind-api\4.0.4\jakarta.xml.bind-api-4.0.4.jar;C:\Users\ever1\.m2\repository\jakarta\activation\jakarta.activation-api\2.1.4\jakarta.activation-api-2.1.4.jar;C:\Users\ever1\.m2\repository\net\minidev\json-smart\2.5.2\json-smart-2.5.2.jar;C:\Users\ever1\.m2\repository\net\minidev\accessors-smart\2.5.2\accessors-smart-2.5.2.jar;C:\Users\ever1\.m2\repository\org\ow2\asm\asm\9.7.1\asm-9.7.1.jar;C:\Users\ever1\.m2\repository\org\assertj\assertj-core\3.27.6\assertj-core-3.27.6.jar;C:\Users\ever1\.m2\repository\net\bytebuddy\byte-buddy\1.17.8\byte-buddy-1.17.8.jar;C:\Users\ever1\.m2\repository\org\awaitility\awaitility\4.2.2\awaitility-4.2.2.jar;C:\Users\ever1\.m2\repository\org\hamcrest\hamcrest\3.0\hamcrest-3.0.jar;C:\Users\ever1\.m2\repository\org\junit\jupiter\junit-jupiter\5.12.2\junit-jupiter-5.12.2.jar;C:\Users\ever1\.m2\repository\org\junit\jupiter\junit-jupiter-api\5.12.2\junit-jupiter-api-5.12.2.jar;C:\Users\ever1\.m2\repository\org\opentest4j\opentest4j\1.3.0\opentest4j-1.3.0.jar;C:\Users\ever1\.m2\repository\org\junit\platform\junit-platform-commons\1.12.2\junit-platform-commons-1.12.2.jar;C:\Users\ever1\.m2\repository\org\apiguardian\apiguardian-api\1.1.2\apiguardian-api-1.1.2.jar;C:\Users\ever1\.m2\repository\org\junit\jupiter\junit-jupiter-params\5.12.2\junit-jupiter-params-5.12.2.jar;C:\Users\ever1\.m2\repository\org\junit\jupiter\junit-jupiter-engine\5.12.2\junit-jupiter-engine-5.12.2.jar;C:\Users\ever1\.m2\repository\org\junit\platform\junit-platform-engine\1.12.2\junit-platform-engine-1.12.2.jar;C:\Users\ever1\.m2\repository\org\mockito\mockito-core\5.17.0\mockito-core-5.17.0.jar;C:\Users\ever1\.m2\repository\net\bytebuddy\byte-buddy-agent\1.17.8\byte-buddy-agent-1.17.8.jar;C:\Users\ever1\.m2\repository\org\objenesis\objenesis\3.3\objenesis-3.3.jar;C:\Users\ever1\.m2\repository\org\mockito\mockito-junit-jupiter\5.17.0\mockito-junit-jupiter-5.17.0.jar;C:\Users\ever1\.m2\repository\org\skyscreamer\jsonassert\1.5.3\jsonassert-1.5.3.jar;C:\Users\ever1\.m2\repository\com\vaadin\external\google\android-json\0.0.20131108.vaadin1\android-json-0.0.20131108.vaadin1.jar;C:\Users\ever1\.m2\repository\org\springframework\spring-core\6.2.12\spring-core-6.2.12.jar;C:\Users\ever1\.m2\repository\org\springframework\spring-jcl\6.2.12\spring-jcl-6.2.12.jar;C:\Users\ever1\.m2\repository\org\springframework\spring-test\6.2.12\spring-test-6.2.12.jar;C:\Users\ever1\.m2\repository\org\xmlunit\xmlunit-core\2.10.4\xmlunit-core-2.10.4.jar;C:\Users\ever1\.m2\repository\org\webjars\bootstrap\5.3.1\bootstrap-5.3.1.jar;C:\Users\ever1\.m2\repository\org\webjars\font-awesome\6.4.2\font-awesome-6.4.2.jar;C:\Users\ever1\.m2\repository\org\webjars\jquery\3.7.1\jquery-3.7.1.jar;C:\Users\ever1\.m2\repository\org\webjars\popper.js\2.11.7\popper.js-2.11.7.jar;C:\Users\ever1\.m2\repository\org\webjars\webjars-locator\0.52\webjars-locator-0.52.jar;C:\Users\ever1\.m2\repository\org\webjars\webjars-locator-core\0.59\webjars-locator-core-0.59.jar;C:\Users\ever1\.m2\repository\io\github\classgraph\classgraph\4.8.173\classgraph-4.8.173.jar;C:\Users\ever1\.m2\repository\com\fasterxml\jackson\core\jackson-core\2.19.2\jackson-core-2.19.2.jar;C:\Users\ever1\.m2\repository\com\fasterxml\jackson\core\jackson-databind\2.19.2\jackson-databind-2.19.2.jar;C:\Users\ever1\.m2\repository\com\fasterxml\jackson\core\jackson-annotations\2.19.2\jackson-annotations-2.19.2.jar;C:\Users\ever1\.m2\repository\org\apache\commons\commons-text\1.11.0\commons-text-1.11.0.jar;C:\Users\ever1\.m2\repository\org\apache\commons\commons-lang3\3.17.0\commons-lang3-3.17.0.jar;C:\Users\ever1\.m2\repository\com\github\spullara\mustache\java\compiler\0.9.11\compiler-0.9.11.jar;C:\Users\ever1\.m2\repository\com\mysql\mysql-connector-j\9.4.0\mysql-connector-j-9.4.0.jar;C:\Users\ever1\.m2\repository\org\springframework\boot\spring-boot-starter-data-jpa\3.5.7\spring-boot-starter-data-jpa-3.5.7.jar;C:\Users\ever1\.m2\repository\org\springframework\boot\spring-boot-starter-jdbc\3.5.7\spring-boot-starter-jdbc-3.5.7.jar;C:\Users\ever1\.m2\repository\com\zaxxer\HikariCP\6.3.3\HikariCP-6.3.3.jar;C:\Users\ever1\.m2\repository\org\springframework\spring-jdbc\6.2.12\spring-jdbc-6.2.12.jar;C:\Users\ever1\.m2\repository\org\hibernate\orm\hibernate-core\6.6.33.Final\hibernate-core-6.6.33.Final.jar;C:\Users\ever1\.m2\repository\jakarta\persistence\jakarta.persistence-api\3.1.0\jakarta.persistence-api-3.1.0.jar;C:\Users\ever1\.m2\repository\jakarta\transaction\jakarta.transaction-api\2.0.1\jakarta.transaction-api-2.0.1.jar;C:\Users\ever1\.m2\repository\org\hibernate\common\hibernate-commons-annotations\7.0.3.Final\hibernate-commons-annotations-7.0.3.Final.jar;C:\Users\ever1\.m2\repository\io\smallrye\jandex\3.2.0\jandex-3.2.0.jar;C:\Users\ever1\.m2\repository\org\glassfish\jaxb\jaxb-runtime\4.0.6\jaxb-runtime-4.0.6.jar;C:\Users\ever1\.m2\repository\org\glassfish\jaxb\jaxb-core\4.0.6\jaxb-core-4.0.6.jar;C:\Users\ever1\.m2\repository\org\eclipse\angus\angus-activation\2.0.3\angus-activation-2.0.3.jar;C:\Users\ever1\.m2\repository\org\glassfish\jaxb\txw2\4.0.6\txw2-4.0.6.jar;C:\Users\ever1\.m2\repository\com\sun\istack\istack-commons-runtime\4.1.2\istack-commons-runtime-4.1.2.jar;C:\Users\ever1\.m2\repository\jakarta\inject\jakarta.inject-api\2.0.1\jakarta.inject-api-2.0.1.jar;C:\Users\ever1\.m2\repository\org\antlr\antlr4-runtime\4.13.0\antlr4-runtime-4.13.0.jar;C:\Users\ever1\.m2\repository\org\springframework\data\spring-data-jpa\3.5.5\spring-data-jpa-3.5.5.jar;C:\Users\ever1\.m2\repository\org\springframework\data\spring-data-commons\3.5.5\spring-data-commons-3.5.5.jar;C:\Users\ever1\.m2\repository\org\springframework\spring-orm\6.2.12\spring-orm-6.2.12.jar;C:\Users\ever1\.m2\repository\org\springframework\spring-tx\6.2.12\spring-tx-6.2.12.jar;C:\Users\ever1\.m2\repository\org\springframework\spring-aspects\6.2.12\spring-aspects-6.2.12.jar;C:\Users\ever1\.m2\repository\org\aspectj\aspectjweaver\1.9.24\aspectjweaver-1.9.24.jar;C:\Users\ever1\.m2\repository\jakarta\validation\jakarta.validation-api\3.0.2\jakarta.validation-api-3.0.2.jar;C:\Users\ever1\.m2\repository\com\google\firebase\firebase-admin\9.5.0\firebase-admin-9.5.0.jar;C:\Users\ever1\.m2\repository\com\google\auth\google-auth-library-oauth2-http\1.33.1\google-auth-library-oauth2-http-1.33.1.jar;C:\Users\ever1\.m2\repository\com\google\auto\value\auto-value-annotations\1.11.0\auto-value-annotations-1.11.0.jar;C:\Users\ever1\.m2\repository\com\google\code\findbugs\jsr305\3.0.2\jsr305-3.0.2.jar;C:\Users\ever1\.m2\repository\com\google\auth\google-auth-library-credentials\1.33.1\google-auth-library-credentials-1.33.1.jar;C:\Users\ever1\.m2\repository\com\google\http-client\google-http-client-gson\1.46.2\google-http-client-gson-1.46.2.jar;C:\Users\ever1\.m2\repository\com\google\errorprone\error_prone_annotations\2.36.0\error_prone_annotations-2.36.0.jar;C:\Users\ever1\.m2\repository\com\google\code\gson\gson\2.13.2\gson-2.13.2.jar;C:\Users\ever1\.m2\repository\com\google\api-client\google-api-client\2.7.2\google-api-client-2.7.2.jar;C:\Users\ever1\.m2\repository\commons-codec\commons-codec\1.18.0\commons-codec-1.18.0.jar;C:\Users\ever1\.m2\repository\com\google\oauth-client\google-oauth-client\1.36.0\google-oauth-client-1.36.0.jar;C:\Users\ever1\.m2\repository\com\google\http-client\google-http-client-apache-v2\1.45.2\google-http-client-apache-v2-1.45.2.jar;C:\Users\ever1\.m2\repository\org\apache\httpcomponents\httpcore\4.4.16\httpcore-4.4.16.jar;C:\Users\ever1\.m2\repository\org\apache\httpcomponents\httpclient\4.5.14\httpclient-4.5.14.jar;C:\Users\ever1\.m2\repository\commons-logging\commons-logging\1.2\commons-logging-1.2.jar;C:\Users\ever1\.m2\repository\com\google\api-client\google-api-client-gson\2.7.2\google-api-client-gson-2.7.2.jar;C:\Users\ever1\.m2\repository\com\google\http-client\google-http-client\1.46.3\google-http-client-1.46.3.jar;C:\Users\ever1\.m2\repository\com\google\j2objc\j2objc-annotations\3.0.0\j2objc-annotations-3.0.0.jar;C:\Users\ever1\.m2\repository\io\grpc\grpc-context\1.70.0\grpc-context-1.70.0.jar;C:\Users\ever1\.m2\repository\io\opencensus\opencensus-api\0.31.1\opencensus-api-0.31.1.jar;C:\Users\ever1\.m2\repository\io\opencensus\opencensus-contrib-http-util\0.31.1\opencensus-contrib-http-util-0.31.1.jar;C:\Users\ever1\.m2\repository\com\google\api\api-common\2.46.1\api-common-2.46.1.jar;C:\Users\ever1\.m2\repository\javax\annotation\javax.annotation-api\1.3.2\javax.annotation-api-1.3.2.jar;C:\Users\ever1\.m2\repository\com\google\cloud\google-cloud-storage\2.50.0\google-cloud-storage-2.50.0.jar;C:\Users\ever1\.m2\repository\com\google\guava\failureaccess\1.0.2\failureaccess-1.0.2.jar;C:\Users\ever1\.m2\repository\com\google\guava\listenablefuture\9999.0-empty-to-avoid-conflict-with-guava\listenablefuture-9999.0-empty-to-avoid-conflict-with-guava.jar;C:\Users\ever1\.m2\repository\com\google\http-client\google-http-client-jackson2\1.46.3\google-http-client-jackson2-1.46.3.jar;C:\Users\ever1\.m2\repository\com\google\apis\google-api-services-storage\v1-rev20250224-2.0.0\google-api-services-storage-v1-rev20250224-2.0.0.jar;C:\Users\ever1\.m2\repository\com\google\cloud\google-cloud-core\2.53.1\google-cloud-core-2.53.1.jar;C:\Users\ever1\.m2\repository\com\google\cloud\google-cloud-core-http\2.53.1\google-cloud-core-http-2.53.1.jar;C:\Users\ever1\.m2\repository\com\google\http-client\google-http-client-appengine\1.46.3\google-http-client-appengine-1.46.3.jar;C:\Users\ever1\.m2\repository\com\google\api\gax-httpjson\2.63.1\gax-httpjson-2.63.1.jar;C:\Users\ever1\.m2\repository\com\google\cloud\google-cloud-core-grpc\2.53.1\google-cloud-core-grpc-2.53.1.jar;C:\Users\ever1\.m2\repository\com\google\api\gax\2.63.1\gax-2.63.1.jar;C:\Users\ever1\.m2\repository\com\google\api\gax-grpc\2.63.1\gax-grpc-2.63.1.jar;C:\Users\ever1\.m2\repository\io\grpc\grpc-inprocess\1.70.0\grpc-inprocess-1.70.0.jar;C:\Users\ever1\.m2\repository\io\grpc\grpc-alts\1.70.0\grpc-alts-1.70.0.jar;C:\Users\ever1\.m2\repository\io\grpc\grpc-grpclb\1.70.0\grpc-grpclb-1.70.0.jar;C:\Users\ever1\.m2\repository\org\conscrypt\conscrypt-openjdk-uber\2.5.2\conscrypt-openjdk-uber-2.5.2.jar;C:\Users\ever1\.m2\repository\io\grpc\grpc-auth\1.70.0\grpc-auth-1.70.0.jar;C:\Users\ever1\.m2\repository\io\opentelemetry\opentelemetry-context\1.49.0\opentelemetry-context-1.49.0.jar;C:\Users\ever1\.m2\repository\com\google\api\grpc\proto-google-iam-v1\1.49.1\proto-google-iam-v1-1.49.1.jar;C:\Users\ever1\.m2\repository\com\google\protobuf\protobuf-java\3.25.5\protobuf-java-3.25.5.jar;C:\Users\ever1\.m2\repository\com\google\protobuf\protobuf-java-util\3.25.5\protobuf-java-util-3.25.5.jar;C:\Users\ever1\.m2\repository\io\grpc\grpc-core\1.70.0\grpc-core-1.70.0.jar;C:\Users\ever1\.m2\repository\com\google\android\annotations\4.1.1.4\annotations-4.1.1.4.jar;C:\Users\ever1\.m2\repository\org\codehaus\mojo\animal-sniffer-annotations\1.24\animal-sniffer-annotations-1.24.jar;C:\Users\ever1\.m2\repository\io\perfmark\perfmark-api\0.27.0\perfmark-api-0.27.0.jar;C:\Users\ever1\.m2\repository\io\grpc\grpc-protobuf\1.70.0\grpc-protobuf-1.70.0.jar;C:\Users\ever1\.m2\repository\io\grpc\grpc-protobuf-lite\1.70.0\grpc-protobuf-lite-1.70.0.jar;C:\Users\ever1\.m2\repository\com\google\api\grpc\proto-google-common-protos\2.54.1\proto-google-common-protos-2.54.1.jar;C:\Users\ever1\.m2\repository\org\threeten\threetenbp\1.7.0\threetenbp-1.7.0.jar;C:\Users\ever1\.m2\repository\com\google\api\grpc\proto-google-cloud-storage-v2\2.50.0\proto-google-cloud-storage-v2-2.50.0.jar;C:\Users\ever1\.m2\repository\com\google\api\grpc\grpc-google-cloud-storage-v2\2.50.0\grpc-google-cloud-storage-v2-2.50.0.jar;C:\Users\ever1\.m2\repository\com\google\api\grpc\gapic-google-cloud-storage-v2\2.50.0\gapic-google-cloud-storage-v2-2.50.0.jar;C:\Users\ever1\.m2\repository\io\opentelemetry\opentelemetry-sdk\1.49.0\opentelemetry-sdk-1.49.0.jar;C:\Users\ever1\.m2\repository\io\opentelemetry\opentelemetry-sdk-trace\1.49.0\opentelemetry-sdk-trace-1.49.0.jar;C:\Users\ever1\.m2\repository\io\opentelemetry\opentelemetry-sdk-logs\1.49.0\opentelemetry-sdk-logs-1.49.0.jar;C:\Users\ever1\.m2\repository\io\grpc\grpc-opentelemetry\1.70.0\grpc-opentelemetry-1.70.0.jar;C:\Users\ever1\.m2\repository\io\opentelemetry\opentelemetry-api\1.49.0\opentelemetry-api-1.49.0.jar;C:\Users\ever1\.m2\repository\io\opentelemetry\opentelemetry-sdk-metrics\1.49.0\opentelemetry-sdk-metrics-1.49.0.jar;C:\Users\ever1\.m2\repository\io\opentelemetry\opentelemetry-sdk-common\1.49.0\opentelemetry-sdk-common-1.49.0.jar;C:\Users\ever1\.m2\repository\io\opentelemetry\opentelemetry-sdk-extension-autoconfigure-spi\1.49.0\opentelemetry-sdk-extension-autoconfigure-spi-1.49.0.jar;C:\Users\ever1\.m2\repository\io\opentelemetry\semconv\opentelemetry-semconv\1.27.0-alpha\opentelemetry-semconv-1.27.0-alpha.jar;C:\Users\ever1\.m2\repository\com\google\cloud\opentelemetry\exporter-metrics\0.33.0\exporter-metrics-0.33.0.jar;C:\Users\ever1\.m2\repository\com\google\cloud\google-cloud-monitoring\3.52.0\google-cloud-monitoring-3.52.0.jar;C:\Users\ever1\.m2\repository\com\google\api\grpc\proto-google-cloud-monitoring-v3\3.52.0\proto-google-cloud-monitoring-v3-3.52.0.jar;C:\Users\ever1\.m2\repository\com\google\cloud\opentelemetry\shared-resourcemapping\0.33.0\shared-resourcemapping-0.33.0.jar;C:\Users\ever1\.m2\repository\io\opentelemetry\contrib\opentelemetry-gcp-resources\1.37.0-alpha\opentelemetry-gcp-resources-1.37.0-alpha.jar;C:\Users\ever1\.m2\repository\com\google\cloud\opentelemetry\detector-resources-support\0.33.0\detector-resources-support-0.33.0.jar;C:\Users\ever1\.m2\repository\org\checkerframework\checker-qual\3.49.0\checker-qual-3.49.0.jar;C:\Users\ever1\.m2\repository\io\grpc\grpc-api\1.70.0\grpc-api-1.70.0.jar;C:\Users\ever1\.m2\repository\io\grpc\grpc-netty-shaded\1.70.0\grpc-netty-shaded-1.70.0.jar;C:\Users\ever1\.m2\repository\io\grpc\grpc-util\1.70.0\grpc-util-1.70.0.jar;C:\Users\ever1\.m2\repository\io\grpc\grpc-stub\1.70.0\grpc-stub-1.70.0.jar;C:\Users\ever1\.m2\repository\io\grpc\grpc-googleapis\1.70.0\grpc-googleapis-1.70.0.jar;C:\Users\ever1\.m2\repository\io\grpc\grpc-xds\1.70.0\grpc-xds-1.70.0.jar;C:\Users\ever1\.m2\repository\io\grpc\grpc-services\1.70.0\grpc-services-1.70.0.jar;C:\Users\ever1\.m2\repository\com\google\re2j\re2j\1.7\re2j-1.7.jar;C:\Users\ever1\.m2\repository\io\grpc\grpc-rls\1.70.0\grpc-rls-1.70.0.jar;C:\Users\ever1\.m2\repository\com\google\cloud\google-cloud-firestore\3.30.11\google-cloud-firestore-3.30.11.jar;C:\Users\ever1\.m2\repository\com\google\api\grpc\proto-google-cloud-firestore-v1\3.30.11\proto-google-cloud-firestore-v1-3.30.11.jar;C:\Users\ever1\.m2\repository\com\google\cloud\proto-google-cloud-firestore-bundle-v1\3.30.11\proto-google-cloud-firestore-bundle-v1-3.30.11.jar;C:\Users\ever1\.m2\repository\io\opentelemetry\instrumentation\opentelemetry-grpc-1.6\2.1.0-alpha\opentelemetry-grpc-1.6-2.1.0-alpha.jar;C:\Users\ever1\.m2\repository\io\opentelemetry\instrumentation\opentelemetry-instrumentation-api\2.1.0\opentelemetry-instrumentation-api-2.1.0.jar;C:\Users\ever1\.m2\repository\io\opentelemetry\opentelemetry-extension-incubator\1.35.0-alpha\opentelemetry-extension-incubator-1.35.0-alpha.jar;C:\Users\ever1\.m2\repository\io\opentelemetry\instrumentation\opentelemetry-instrumentation-api-incubator\2.1.0-alpha\opentelemetry-instrumentation-api-incubator-2.1.0-alpha.jar;C:\Users\ever1\.m2\repository\com\google\guava\guava\33.4.0-jre\guava-33.4.0-jre.jar;C:\Users\ever1\.m2\repository\org\slf4j\slf4j-api\2.0.17\slf4j-api-2.0.17.jar;C:\Users\ever1\.m2\repository\io\netty\netty-codec-http\4.1.128.Final\netty-codec-http-4.1.128.Final.jar;C:\Users\ever1\.m2\repository\io\netty\netty-common\4.1.128.Final\netty-common-4.1.128.Final.jar;C:\Users\ever1\.m2\repository\io\netty\netty-buffer\4.1.128.Final\netty-buffer-4.1.128.Final.jar;C:\Users\ever1\.m2\repository\io\netty\netty-codec\4.1.128.Final\netty-codec-4.1.128.Final.jar;C:\Users\ever1\.m2\repository\io\netty\netty-handler\4.1.128.Final\netty-handler-4.1.128.Final.jar;C:\Users\ever1\.m2\repository\io\netty\netty-resolver\4.1.128.Final\netty-resolver-4.1.128.Final.jar;C:\Users\ever1\.m2\repository\io\netty\netty-transport-native-unix-common\4.1.128.Final\netty-transport-native-unix-common-4.1.128.Final.jar;C:\Users\ever1\.m2\repository\io\netty\netty-transport\4.1.128.Final\netty-transport-4.1.128.Final.jar;C:\Users\ever1\.m2\repository\org\apache\httpcomponents\client5\httpclient5\5.5.1\httpclient5-5.5.1.jar;C:\Users\ever1\.m2\repository\org\apache\httpcomponents\core5\httpcore5\5.3.6\httpcore5-5.3.6.jar;C:\Users\ever1\.m2\repository\org\apache\httpcomponents\core5\httpcore5-h2\5.3.6\httpcore5-h2-5.3.6.jar;C:\Users\ever1\.m2\repository\org\hibernate\validator\hibernate-validator\8.0.3.Final\hibernate-validator-8.0.3.Final.jar;C:\Users\ever1\.m2\repository\org\jboss\logging\jboss-logging\3.6.1.Final\jboss-logging-3.6.1.Final.jar;C:\Users\ever1\.m2\repository\com\fasterxml\classmate\1.7.1\classmate-1.7.1.jar;"/>
    <property name="java.vm.vendor" value="Oracle Corporation"/>
    <property name="sun.arch.data.model" value="64"/>
    <property name="user.variant" value=""/>
    <property name="java.vendor.url" value="https://java.oracle.com/"/>
    <property name="user.timezone" value="America/Costa_Rica"/>
    <property name="org.jboss.logging.provider" value="slf4j"/>
    <property name="os.name" value="Windows 11"/>
    <property name="java.vm.specification.version" value="21"/>
    <property name="APPLICATION_NAME" value="practica01"/>
    <property name="user.country" value="CR"/>
    <property name="sun.java.launcher" value="SUN_STANDARD"/>
    <property name="sun.boot.library.path" value="C:\Program Files\Java\jdk-21\bin"/>
    <property name="sun.java.command" value="C:\Users\ever1\AppData\Local\Temp\surefire311683751820145608\surefirebooter-20251101021801525_3.jar C:\Users\ever1\AppData\Local\Temp\surefire311683751820145608 2025-11-01T02-18-00_840-jvmRun1 surefire-20251101021801525_1tmp surefire_0-20251101021801525_2tmp"/>
    <property name="jdk.debug" value="release"/>
    <property name="surefire.test.class.path" value="C:\Users\ever1\Downloads\proyecto_final_desarrollo_web\proyecto_final_desarrollo_web\proyecto_final_TBTECH\target\test-classes;C:\Users\ever1\Downloads\proyecto_final_desarrollo_web\proyecto_final_desarrollo_web\proyecto_final_TBTECH\target\classes;C:\Users\ever1\.m2\repository\org\springframework\boot\spring-boot-starter-thymeleaf\3.5.7\spring-boot-starter-thymeleaf-3.5.7.jar;C:\Users\ever1\.m2\repository\org\springframework\boot\spring-boot-starter\3.5.7\spring-boot-starter-3.5.7.jar;C:\Users\ever1\.m2\repository\org\springframework\boot\spring-boot-starter-logging\3.5.7\spring-boot-starter-logging-3.5.7.jar;C:\Users\ever1\.m2\repository\ch\qos\logback\logback-classic\1.5.20\logback-classic-1.5.20.jar;C:\Users\ever1\.m2\repository\ch\qos\logback\logback-core\1.5.20\logback-core-1.5.20.jar;C:\Users\ever1\.m2\repository\org\apache\logging\log4j\log4j-to-slf4j\2.24.3\log4j-to-slf4j-2.24.3.jar;C:\Users\ever1\.m2\repository\org\apache\logging\log4j\log4j-api\2.24.3\log4j-api-2.24.3.jar;C:\Users\ever1\.m2\repository\org\slf4j\jul-to-slf4j\2.0.17\jul-to-slf4j-2.0.17.jar;C:\Users\ever1\.m2\repository\jakarta\annotation\jakarta.annotation-api\2.1.1\jakarta.annotation-api-2.1.1.jar;C:\Users\ever1\.m2\repository\org\yaml\snakeyaml\2.4\snakeyaml-2.4.jar;C:\Users\ever1\.m2\repository\org\thymeleaf\thymeleaf-spring6\3.1.3.RELEASE\thymeleaf-spring6-3.1.3.RELEASE.jar;C:\Users\ever1\.m2\repository\org\thymeleaf\thymeleaf\3.1.3.RELEASE\thymeleaf-3.1.3.RELEASE.jar;C:\Users\ever1\.m2\repository\org\attoparser\attoparser\2.0.7.RELEASE\attoparser-2.0.7.RELEASE.jar;C:\Users\ever1\.m2\repository\org\unbescape\unbescape\1.1.6.RELEASE\unbescape-1.1.6.RELEASE.jar;C:\Users\ever1\.m2\repository\org\springframework\boot\spring-boot-starter-web\3.5.7\spring-boot-starter-web-3.5.7.jar;C:\Users\ever1\.m2\repository\org\springframework\boot\spring-boot-starter-json\3.5.7\spring-boot-starter-json-3.5.7.jar;C:\Users\ever1\.m2\repository\com\fasterxml\jackson\datatype\jackson-datatype-jdk8\2.19.2\jackson-datatype-jdk8-2.19.2.jar;C:\Users\ever1\.m2\repository\com\fasterxml\jackson\datatype\jackson-datatype-jsr310\2.19.2\jackson-datatype-jsr310-2.19.2.jar;C:\Users\ever1\.m2\repository\com\fasterxml\jackson\module\jackson-module-parameter-names\2.19.2\jackson-module-parameter-names-2.19.2.jar;C:\Users\ever1\.m2\repository\org\springframework\boot\spring-boot-starter-tomcat\3.5.7\spring-boot-starter-tomcat-3.5.7.jar;C:\Users\ever1\.m2\repository\org\apache\tomcat\embed\tomcat-embed-core\10.1.48\tomcat-embed-core-10.1.48.jar;C:\Users\ever1\.m2\repository\org\apache\tomcat\embed\tomcat-embed-el\10.1.48\tomcat-embed-el-10.1.48.jar;C:\Users\ever1\.m2\repository\org\apache\tomcat\embed\tomcat-embed-websocket\10.1.48\tomcat-embed-websocket-10.1.48.jar;C:\Users\ever1\.m2\repository\org\springframework\spring-web\6.2.12\spring-web-6.2.12.jar;C:\Users\ever1\.m2\repository\org\springframework\spring-beans\6.2.12\spring-beans-6.2.12.jar;C:\Users\ever1\.m2\repository\io\micrometer\micrometer-observation\1.15.5\micrometer-observation-1.15.5.jar;C:\Users\ever1\.m2\repository\io\micrometer\micrometer-commons\1.15.5\micrometer-commons-1.15.5.jar;C:\Users\ever1\.m2\repository\org\springframework\spring-webmvc\6.2.12\spring-webmvc-6.2.12.jar;C:\Users\ever1\.m2\repository\org\springframework\spring-aop\6.2.12\spring-aop-6.2.12.jar;C:\Users\ever1\.m2\repository\org\springframework\spring-context\6.2.12\spring-context-6.2.12.jar;C:\Users\ever1\.m2\repository\org\springframework\spring-expression\6.2.12\spring-expression-6.2.12.jar;C:\Users\ever1\.m2\repository\org\springframework\boot\spring-boot-devtools\3.5.7\spring-boot-devtools-3.5.7.jar;C:\Users\ever1\.m2\repository\org\springframework\boot\spring-boot\3.5.7\spring-boot-3.5.7.jar;C:\Users\ever1\.m2\repository\org\springframework\boot\spring-boot-autoconfigure\3.5.7\spring-boot-autoconfigure-3.5.7.jar;C:\Users\ever1\.m2\repository\org\projectlombok\lombok\1.18.42\lombok-1.18.42.jar;C:\Users\ever1\.m2\repository\org\springframework\boot\spring-boot-starter-test\3.5.7\spring-boot-starter-test-3.5.7.jar;C:\Users\ever1\.m2\repository\org\springframework\boot\spring-boot-test\3.5.7\spring-boot-test-3.5.7.jar;C:\Users\ever1\.m2\repository\org\springframework\boot\spring-boot-test-autoconfigure\3.5.7\spring-boot-test-autoconfigure-3.5.7.jar;C:\Users\ever1\.m2\repository\com\jayway\jsonpath\json-path\2.9.0\json-path-2.9.0.jar;C:\Users\ever1\.m2\repository\jakarta\xml\bind\jakarta.xml.bind-api\4.0.4\jakarta.xml.bind-api-4.0.4.jar;C:\Users\ever1\.m2\repository\jakarta\activation\jakarta.activation-api\2.1.4\jakarta.activation-api-2.1.4.jar;C:\Users\ever1\.m2\repository\net\minidev\json-smart\2.5.2\json-smart-2.5.2.jar;C:\Users\ever1\.m2\repository\net\minidev\accessors-smart\2.5.2\accessors-smart-2.5.2.jar;C:\Users\ever1\.m2\repository\org\ow2\asm\asm\9.7.1\asm-9.7.1.jar;C:\Users\ever1\.m2\repository\org\assertj\assertj-core\3.27.6\assertj-core-3.27.6.jar;C:\Users\ever1\.m2\repository\net\bytebuddy\byte-buddy\1.17.8\byte-buddy-1.17.8.jar;C:\Users\ever1\.m2\repository\org\awaitility\awaitility\4.2.2\awaitility-4.2.2.jar;C:\Users\ever1\.m2\repository\org\hamcrest\hamcrest\3.0\hamcrest-3.0.jar;C:\Users\ever1\.m2\repository\org\junit\jupiter\junit-jupiter\5.12.2\junit-jupiter-5.12.2.jar;C:\Users\ever1\.m2\repository\org\junit\jupiter\junit-jupiter-api\5.12.2\junit-jupiter-api-5.12.2.jar;C:\Users\ever1\.m2\repository\org\opentest4j\opentest4j\1.3.0\opentest4j-1.3.0.jar;C:\Users\ever1\.m2\repository\org\junit\platform\junit-platform-commons\1.12.2\junit-platform-commons-1.12.2.jar;C:\Users\ever1\.m2\repository\org\apiguardian\apiguardian-api\1.1.2\apiguardian-api-1.1.2.jar;C:\Users\ever1\.m2\repository\org\junit\jupiter\junit-jupiter-params\5.12.2\junit-jupiter-params-5.12.2.jar;C:\Users\ever1\.m2\repository\org\junit\jupiter\junit-jupiter-engine\5.12.2\junit-jupiter-engine-5.12.2.jar;C:\Users\ever1\.m2\repository\org\junit\platform\junit-platform-engine\1.12.2\junit-platform-engine-1.12.2.jar;C:\Users\ever1\.m2\repository\org\mockito\mockito-core\5.17.0\mockito-core-5.17.0.jar;C:\Users\ever1\.m2\repository\net\bytebuddy\byte-buddy-agent\1.17.8\byte-buddy-agent-1.17.8.jar;C:\Users\ever1\.m2\repository\org\objenesis\objenesis\3.3\objenesis-3.3.jar;C:\Users\ever1\.m2\repository\org\mockito\mockito-junit-jupiter\5.17.0\mockito-junit-jupiter-5.17.0.jar;C:\Users\ever1\.m2\repository\org\skyscreamer\jsonassert\1.5.3\jsonassert-1.5.3.jar;C:\Users\ever1\.m2\repository\com\vaadin\external\google\android-json\0.0.20131108.vaadin1\android-json-0.0.20131108.vaadin1.jar;C:\Users\ever1\.m2\repository\org\springframework\spring-core\6.2.12\spring-core-6.2.12.jar;C:\Users\ever1\.m2\repository\org\springframework\spring-jcl\6.2.12\spring-jcl-6.2.12.jar;C:\Users\ever1\.m2\repository\org\springframework\spring-test\6.2.12\spring-test-6.2.12.jar;C:\Users\ever1\.m2\repository\org\xmlunit\xmlunit-core\2.10.4\xmlunit-core-2.10.4.jar;C:\Users\ever1\.m2\repository\org\webjars\bootstrap\5.3.1\bootstrap-5.3.1.jar;C:\Users\ever1\.m2\repository\org\webjars\font-awesome\6.4.2\font-awesome-6.4.2.jar;C:\Users\ever1\.m2\repository\org\webjars\jquery\3.7.1\jquery-3.7.1.jar;C:\Users\ever1\.m2\repository\org\webjars\popper.js\2.11.7\popper.js-2.11.7.jar;C:\Users\ever1\.m2\repository\org\webjars\webjars-locator\0.52\webjars-locator-0.52.jar;C:\Users\ever1\.m2\repository\org\webjars\webjars-locator-core\0.59\webjars-locator-core-0.59.jar;C:\Users\ever1\.m2\repository\io\github\classgraph\classgraph\4.8.173\classgraph-4.8.173.jar;C:\Users\ever1\.m2\repository\com\fasterxml\jackson\core\jackson-core\2.19.2\jackson-core-2.19.2.jar;C:\Users\ever1\.m2\repository\com\fasterxml\jackson\core\jackson-databind\2.19.2\jackson-databind-2.19.2.jar;C:\Users\ever1\.m2\repository\com\fasterxml\jackson\core\jackson-annotations\2.19.2\jackson-annotations-2.19.2.jar;C:\Users\ever1\.m2\repository\org\apache\commons\commons-text\1.11.0\commons-text-1.11.0.jar;C:\Users\ever1\.m2\repository\org\apache\commons\commons-lang3\3.17.0\commons-lang3-3.17.0.jar;C:\Users\ever1\.m2\repository\com\github\spullara\mustache\java\compiler\0.9.11\compiler-0.9.11.jar;C:\Users\ever1\.m2\repository\com\mysql\mysql-connector-j\9.4.0\mysql-connector-j-9.4.0.jar;C:\Users\ever1\.m2\repository\org\springframework\boot\spring-boot-starter-data-jpa\3.5.7\spring-boot-starter-data-jpa-3.5.7.jar;C:\Users\ever1\.m2\repository\org\springframework\boot\spring-boot-starter-jdbc\3.5.7\spring-boot-starter-jdbc-3.5.7.jar;C:\Users\ever1\.m2\repository\com\zaxxer\HikariCP\6.3.3\HikariCP-6.3.3.jar;C:\Users\ever1\.m2\repository\org\springframework\spring-jdbc\6.2.12\spring-jdbc-6.2.12.jar;C:\Users\ever1\.m2\repository\org\hibernate\orm\hibernate-core\6.6.33.Final\hibernate-core-6.6.33.Final.jar;C:\Users\ever1\.m2\repository\jakarta\persistence\jakarta.persistence-api\3.1.0\jakarta.persistence-api-3.1.0.jar;C:\Users\ever1\.m2\repository\jakarta\transaction\jakarta.transaction-api\2.0.1\jakarta.transaction-api-2.0.1.jar;C:\Users\ever1\.m2\repository\org\hibernate\common\hibernate-commons-annotations\7.0.3.Final\hibernate-commons-annotations-7.0.3.Final.jar;C:\Users\ever1\.m2\repository\io\smallrye\jandex\3.2.0\jandex-3.2.0.jar;C:\Users\ever1\.m2\repository\org\glassfish\jaxb\jaxb-runtime\4.0.6\jaxb-runtime-4.0.6.jar;C:\Users\ever1\.m2\repository\org\glassfish\jaxb\jaxb-core\4.0.6\jaxb-core-4.0.6.jar;C:\Users\ever1\.m2\repository\org\eclipse\angus\angus-activation\2.0.3\angus-activation-2.0.3.jar;C:\Users\ever1\.m2\repository\org\glassfish\jaxb\txw2\4.0.6\txw2-4.0.6.jar;C:\Users\ever1\.m2\repository\com\sun\istack\istack-commons-runtime\4.1.2\istack-commons-runtime-4.1.2.jar;C:\Users\ever1\.m2\repository\jakarta\inject\jakarta.inject-api\2.0.1\jakarta.inject-api-2.0.1.jar;C:\Users\ever1\.m2\repository\org\antlr\antlr4-runtime\4.13.0\antlr4-runtime-4.13.0.jar;C:\Users\ever1\.m2\repository\org\springframework\data\spring-data-jpa\3.5.5\spring-data-jpa-3.5.5.jar;C:\Users\ever1\.m2\repository\org\springframework\data\spring-data-commons\3.5.5\spring-data-commons-3.5.5.jar;C:\Users\ever1\.m2\repository\org\springframework\spring-orm\6.2.12\spring-orm-6.2.12.jar;C:\Users\ever1\.m2\repository\org\springframework\spring-tx\6.2.12\spring-tx-6.2.12.jar;C:\Users\ever1\.m2\repository\org\springframework\spring-aspects\6.2.12\spring-aspects-6.2.12.jar;C:\Users\ever1\.m2\repository\org\aspectj\aspectjweaver\1.9.24\aspectjweaver-1.9.24.jar;C:\Users\ever1\.m2\repository\jakarta\validation\jakarta.validation-api\3.0.2\jakarta.validation-api-3.0.2.jar;C:\Users\ever1\.m2\repository\com\google\firebase\firebase-admin\9.5.0\firebase-admin-9.5.0.jar;C:\Users\ever1\.m2\repository\com\google\auth\google-auth-library-oauth2-http\1.33.1\google-auth-library-oauth2-http-1.33.1.jar;C:\Users\ever1\.m2\repository\com\google\auto\value\auto-value-annotations\1.11.0\auto-value-annotations-1.11.0.jar;C:\Users\ever1\.m2\repository\com\google\code\findbugs\jsr305\3.0.2\jsr305-3.0.2.jar;C:\Users\ever1\.m2\repository\com\google\auth\google-auth-library-credentials\1.33.1\google-auth-library-credentials-1.33.1.jar;C:\Users\ever1\.m2\repository\com\google\http-client\google-http-client-gson\1.46.2\google-http-client-gson-1.46.2.jar;C:\Users\ever1\.m2\repository\com\google\errorprone\error_prone_annotations\2.36.0\error_prone_annotations-2.36.0.jar;C:\Users\ever1\.m2\repository\com\google\code\gson\gson\2.13.2\gson-2.13.2.jar;C:\Users\ever1\.m2\repository\com\google\api-client\google-api-client\2.7.2\google-api-client-2.7.2.jar;C:\Users\ever1\.m2\repository\commons-codec\commons-codec\1.18.0\commons-codec-1.18.0.jar;C:\Users\ever1\.m2\repository\com\google\oauth-client\google-oauth-client\1.36.0\google-oauth-client-1.36.0.jar;C:\Users\ever1\.m2\repository\com\google\http-client\google-http-client-apache-v2\1.45.2\google-http-client-apache-v2-1.45.2.jar;C:\Users\ever1\.m2\repository\org\apache\httpcomponents\httpcore\4.4.16\httpcore-4.4.16.jar;C:\Users\ever1\.m2\repository\org\apache\httpcomponents\httpclient\4.5.14\httpclient-4.5.14.jar;C:\Users\ever1\.m2\repository\commons-logging\commons-logging\1.2\commons-logging-1.2.jar;C:\Users\ever1\.m2\repository\com\google\api-client\google-api-client-gson\2.7.2\google-api-client-gson-2.7.2.jar;C:\Users\ever1\.m2\repository\com\google\http-client\google-http-client\1.46.3\google-http-client-1.46.3.jar;C:\Users\ever1\.m2\repository\com\google\j2objc\j2objc-annotations\3.0.0\j2objc-annotations-3.0.0.jar;C:\Users\ever1\.m2\repository\io\grpc\grpc-context\1.70.0\grpc-context-1.70.0.jar;C:\Users\ever1\.m2\repository\io\opencensus\opencensus-api\0.31.1\opencensus-api-0.31.1.jar;C:\Users\ever1\.m2\repository\io\opencensus\opencensus-contrib-http-util\0.31.1\opencensus-contrib-http-util-0.31.1.jar;C:\Users\ever1\.m2\repository\com\google\api\api-common\2.46.1\api-common-2.46.1.jar;C:\Users\ever1\.m2\repository\javax\annotation\javax.annotation-api\1.3.2\javax.annotation-api-1.3.2.jar;C:\Users\ever1\.m2\repository\com\google\cloud\google-cloud-storage\2.50.0\google-cloud-storage-2.50.0.jar;C:\Users\ever1\.m2\repository\com\google\guava\failureaccess\1.0.2\failureaccess-1.0.2.jar;C:\Users\ever1\.m2\repository\com\google\guava\listenablefuture\9999.0-empty-to-avoid-conflict-with-guava\listenablefuture-9999.0-empty-to-avoid-conflict-with-guava.jar;C:\Users\ever1\.m2\repository\com\google\http-client\google-http-client-jackson2\1.46.3\google-http-client-jackson2-1.46.3.jar;C:\Users\ever1\.m2\repository\com\google\apis\google-api-services-storage\v1-rev20250224-2.0.0\google-api-services-storage-v1-rev20250224-2.0.0.jar;C:\Users\ever1\.m2\repository\com\google\cloud\google-cloud-core\2.53.1\google-cloud-core-2.53.1.jar;C:\Users\ever1\.m2\repository\com\google\cloud\google-cloud-core-http\2.53.1\google-cloud-core-http-2.53.1.jar;C:\Users\ever1\.m2\repository\com\google\http-client\google-http-client-appengine\1.46.3\google-http-client-appengine-1.46.3.jar;C:\Users\ever1\.m2\repository\com\google\api\gax-httpjson\2.63.1\gax-httpjson-2.63.1.jar;C:\Users\ever1\.m2\repository\com\google\cloud\google-cloud-core-grpc\2.53.1\google-cloud-core-grpc-2.53.1.jar;C:\Users\ever1\.m2\repository\com\google\api\gax\2.63.1\gax-2.63.1.jar;C:\Users\ever1\.m2\repository\com\google\api\gax-grpc\2.63.1\gax-grpc-2.63.1.jar;C:\Users\ever1\.m2\repository\io\grpc\grpc-inprocess\1.70.0\grpc-inprocess-1.70.0.jar;C:\Users\ever1\.m2\repository\io\grpc\grpc-alts\1.70.0\grpc-alts-1.70.0.jar;C:\Users\ever1\.m2\repository\io\grpc\grpc-grpclb\1.70.0\grpc-grpclb-1.70.0.jar;C:\Users\ever1\.m2\repository\org\conscrypt\conscrypt-openjdk-uber\2.5.2\conscrypt-openjdk-uber-2.5.2.jar;C:\Users\ever1\.m2\repository\io\grpc\grpc-auth\1.70.0\grpc-auth-1.70.0.jar;C:\Users\ever1\.m2\repository\io\opentelemetry\opentelemetry-context\1.49.0\opentelemetry-context-1.49.0.jar;C:\Users\ever1\.m2\repository\com\google\api\grpc\proto-google-iam-v1\1.49.1\proto-google-iam-v1-1.49.1.jar;C:\Users\ever1\.m2\repository\com\google\protobuf\protobuf-java\3.25.5\protobuf-java-3.25.5.jar;C:\Users\ever1\.m2\repository\com\google\protobuf\protobuf-java-util\3.25.5\protobuf-java-util-3.25.5.jar;C:\Users\ever1\.m2\repository\io\grpc\grpc-core\1.70.0\grpc-core-1.70.0.jar;C:\Users\ever1\.m2\repository\com\google\android\annotations\4.1.1.4\annotations-4.1.1.4.jar;C:\Users\ever1\.m2\repository\org\codehaus\mojo\animal-sniffer-annotations\1.24\animal-sniffer-annotations-1.24.jar;C:\Users\ever1\.m2\repository\io\perfmark\perfmark-api\0.27.0\perfmark-api-0.27.0.jar;C:\Users\ever1\.m2\repository\io\grpc\grpc-protobuf\1.70.0\grpc-protobuf-1.70.0.jar;C:\Users\ever1\.m2\repository\io\grpc\grpc-protobuf-lite\1.70.0\grpc-protobuf-lite-1.70.0.jar;C:\Users\ever1\.m2\repository\com\google\api\grpc\proto-google-common-protos\2.54.1\proto-google-common-protos-2.54.1.jar;C:\Users\ever1\.m2\repository\org\threeten\threetenbp\1.7.0\threetenbp-1.7.0.jar;C:\Users\ever1\.m2\repository\com\google\api\grpc\proto-google-cloud-storage-v2\2.50.0\proto-google-cloud-storage-v2-2.50.0.jar;C:\Users\ever1\.m2\repository\com\google\api\grpc\grpc-google-cloud-storage-v2\2.50.0\grpc-google-cloud-storage-v2-2.50.0.jar;C:\Users\ever1\.m2\repository\com\google\api\grpc\gapic-google-cloud-storage-v2\2.50.0\gapic-google-cloud-storage-v2-2.50.0.jar;C:\Users\ever1\.m2\repository\io\opentelemetry\opentelemetry-sdk\1.49.0\opentelemetry-sdk-1.49.0.jar;C:\Users\ever1\.m2\repository\io\opentelemetry\opentelemetry-sdk-trace\1.49.0\opentelemetry-sdk-trace-1.49.0.jar;C:\Users\ever1\.m2\repository\io\opentelemetry\opentelemetry-sdk-logs\1.49.0\opentelemetry-sdk-logs-1.49.0.jar;C:\Users\ever1\.m2\repository\io\grpc\grpc-opentelemetry\1.70.0\grpc-opentelemetry-1.70.0.jar;C:\Users\ever1\.m2\repository\io\opentelemetry\opentelemetry-api\1.49.0\opentelemetry-api-1.49.0.jar;C:\Users\ever1\.m2\repository\io\opentelemetry\opentelemetry-sdk-metrics\1.49.0\opentelemetry-sdk-metrics-1.49.0.jar;C:\Users\ever1\.m2\repository\io\opentelemetry\opentelemetry-sdk-common\1.49.0\opentelemetry-sdk-common-1.49.0.jar;C:\Users\ever1\.m2\repository\io\opentelemetry\opentelemetry-sdk-extension-autoconfigure-spi\1.49.0\opentelemetry-sdk-extension-autoconfigure-spi-1.49.0.jar;C:\Users\ever1\.m2\repository\io\opentelemetry\semconv\opentelemetry-semconv\1.27.0-alpha\opentelemetry-semconv-1.27.0-alpha.jar;C:\Users\ever1\.m2\repository\com\google\cloud\opentelemetry\exporter-metrics\0.33.0\exporter-metrics-0.33.0.jar;C:\Users\ever1\.m2\repository\com\google\cloud\google-cloud-monitoring\3.52.0\google-cloud-monitoring-3.52.0.jar;C:\Users\ever1\.m2\repository\com\google\api\grpc\proto-google-cloud-monitoring-v3\3.52.0\proto-google-cloud-monitoring-v3-3.52.0.jar;C:\Users\ever1\.m2\repository\com\google\cloud\opentelemetry\shared-resourcemapping\0.33.0\shared-resourcemapping-0.33.0.jar;C:\Users\ever1\.m2\repository\io\opentelemetry\contrib\opentelemetry-gcp-resources\1.37.0-alpha\opentelemetry-gcp-resources-1.37.0-alpha.jar;C:\Users\ever1\.m2\repository\com\google\cloud\opentelemetry\detector-resources-support\0.33.0\detector-resources-support-0.33.0.jar;C:\Users\ever1\.m2\repository\org\checkerframework\checker-qual\3.49.0\checker-qual-3.49.0.jar;C:\Users\ever1\.m2\repository\io\grpc\grpc-api\1.70.0\grpc-api-1.70.0.jar;C:\Users\ever1\.m2\repository\io\grpc\grpc-netty-shaded\1.70.0\grpc-netty-shaded-1.70.0.jar;C:\Users\ever1\.m2\repository\io\grpc\grpc-util\1.70.0\grpc-util-1.70.0.jar;C:\Users\ever1\.m2\repository\io\grpc\grpc-stub\1.70.0\grpc-stub-1.70.0.jar;C:\Users\ever1\.m2\repository\io\grpc\grpc-googleapis\1.70.0\grpc-googleapis-1.70.0.jar;C:\Users\ever1\.m2\repository\io\grpc\grpc-xds\1.70.0\grpc-xds-1.70.0.jar;C:\Users\ever1\.m2\repository\io\grpc\grpc-services\1.70.0\grpc-services-1.70.0.jar;C:\Users\ever1\.m2\repository\com\google\re2j\re2j\1.7\re2j-1.7.jar;C:\Users\ever1\.m2\repository\io\grpc\grpc-rls\1.70.0\grpc-rls-1.70.0.jar;C:\Users\ever1\.m2\repository\com\google\cloud\google-cloud-firestore\3.30.11\google-cloud-firestore-3.30.11.jar;C:\Users\ever1\.m2\repository\com\google\api\grpc\proto-google-cloud-firestore-v1\3.30.11\proto-google-cloud-firestore-v1-3.30.11.jar;C:\Users\ever1\.m2\repository\com\google\cloud\proto-google-cloud-firestore-bundle-v1\3.30.11\proto-google-cloud-firestore-bundle-v1-3.30.11.jar;C:\Users\ever1\.m2\repository\io\opentelemetry\instrumentation\opentelemetry-grpc-1.6\2.1.0-alpha\opentelemetry-grpc-1.6-2.1.0-alpha.jar;C:\Users\ever1\.m2\repository\io\opentelemetry\instrumentation\opentelemetry-instrumentation-api\2.1.0\opentelemetry-instrumentation-api-2.1.0.jar;C:\Users\ever1\.m2\repository\io\opentelemetry\opentelemetry-extension-incubator\1.35.0-alpha\opentelemetry-extension-incubator-1.35.0-alpha.jar;C:\Users\ever1\.m2\repository\io\opentelemetry\instrumentation\opentelemetry-instrumentation-api-incubator\2.1.0-alpha\opentelemetry-instrumentation-api-incubator-2.1.0-alpha.jar;C:\Users\ever1\.m2\repository\com\google\guava\guava\33.4.0-jre\guava-33.4.0-jre.jar;C:\Users\ever1\.m2\repository\org\slf4j\slf4j-api\2.0.17\slf4j-api-2.0.17.jar;C:\Users\ever1\.m2\repository\io\netty\netty-codec-http\4.1.128.Final\netty-codec-http-4.1.128.Final.jar;C:\Users\ever1\.m2\repository\io\netty\netty-common\4.1.128.Final\netty-common-4.1.128.Final.jar;C:\Users\ever1\.m2\repository\io\netty\netty-buffer\4.1.128.Final\netty-buffer-4.1.128.Final.jar;C:\Users\ever1\.m2\repository\io\netty\netty-codec\4.1.128.Final\netty-codec-4.1.128.Final.jar;C:\Users\ever1\.m2\repository\io\netty\netty-handler\4.1.128.Final\netty-handler-4.1.128.Final.jar;C:\Users\ever1\.m2\repository\io\netty\netty-resolver\4.1.128.Final\netty-resolver-4.1.128.Final.jar;C:\Users\ever1\.m2\repository\io\netty\netty-transport-native-unix-common\4.1.128.Final\netty-transport-native-unix-common-4.1.128.Final.jar;C:\Users\ever1\.m2\repository\io\netty\netty-transport\4.1.128.Final\netty-transport-4.1.128.Final.jar;C:\Users\ever1\.m2\repository\org\apache\httpcomponents\client5\httpclient5\5.5.1\httpclient5-5.5.1.jar;C:\Users\ever1\.m2\repository\org\apache\httpcomponents\core5\httpcore5\5.3.6\httpcore5-5.3.6.jar;C:\Users\ever1\.m2\repository\org\apache\httpcomponents\core5\httpcore5-h2\5.3.6\httpcore5-h2-5.3.6.jar;C:\Users\ever1\.m2\repository\org\hibernate\validator\hibernate-validator\8.0.3.Final\hibernate-validator-8.0.3.Final.jar;C:\Users\ever1\.m2\repository\org\jboss\logging\jboss-logging\3.6.1.Final\jboss-logging-3.6.1.Final.jar;C:\Users\ever1\.m2\repository\com\fasterxml\classmate\1.7.1\classmate-1.7.1.jar;"/>
    <property name="sun.cpu.endian" value="little"/>
    <property name="user.home" value="C:\Users\ever1"/>
    <property name="user.language" value="es"/>
    <property name="java.specification.vendor" value="Oracle Corporation"/>
    <property name="LOG_DATEFORMAT_PATTERN" value="dd HH:mm"/>
    <property name="java.version.date" value="2025-07-15"/>
    <property name="java.home" value="C:\Program Files\Java\jdk-21"/>
    <property name="file.separator" value="\"/>
    <property name="basedir" value="C:\Users\ever1\Downloads\proyecto_final_desarrollo_web\proyecto_final_desarrollo_web\proyecto_final_TBTECH"/>
    <property name="java.vm.compressedOopsMode" value="32-bit"/>
    <property name="line.separator" value="&#10;"/>
    <property name="java.vm.specification.vendor" value="Oracle Corporation"/>
    <property name="java.specification.name" value="Java Platform API Specification"/>
    <property name="FILE_LOG_CHARSET" value="UTF-8"/>
    <property name="java.awt.headless" value="true"/>
    <property name="surefire.real.class.path" value="C:\Users\ever1\AppData\Local\Temp\surefire311683751820145608\surefirebooter-20251101021801525_3.jar"/>
    <property name="user.script" value=""/>
    <property name="sun.management.compiler" value="HotSpot 64-Bit Tiered Compilers"/>
    <property name="java.runtime.version" value="21.0.8+12-LTS-250"/>
    <property name="user.name" value="ever1"/>
    <property name="stdout.encoding" value="Cp1252"/>
    <property name="path.separator" value=";"/>
    <property name="os.version" value="10.0"/>
    <property name="java.runtime.name" value="Java(TM) SE Runtime Environment"/>
    <property name="file.encoding" value="UTF-8"/>
    <property name="java.vm.name" value="Java HotSpot(TM) 64-Bit Server VM"/>
    <property name="maven.ext.class.path" value="C:\Program Files\NetBeans-25\netbeans\java\maven-nblib\netbeans-eventspy.jar"/>
    <property name="localRepository" value="C:\Users\ever1\.m2\repository"/>
    <property name="java.vendor.url.bug" value="https://bugreport.java.com/bugreport/"/>
    <property name="java.io.tmpdir" value="C:\Users\ever1\AppData\Local\Temp\"/>
    <property name="com.zaxxer.hikari.pool_number" value="1"/>
    <property name="java.version" value="21.0.8"/>
    <property name="user.dir" value="C:\Users\ever1\Downloads\proyecto_final_desarrollo_web\proyecto_final_desarrollo_web\proyecto_final_TBTECH"/>
    <property name="os.arch" value="amd64"/>
    <property name="java.vm.specification.name" value="Java Virtual Machine Specification"/>
    <property name="PID" value="4596"/>
    <property name="sun.os.patch.level" value=""/>
    <property name="CONSOLE_LOG_CHARSET" value="UTF-8"/>
    <property name="native.encoding" value="Cp1252"/>
    <property name="java.library.path" value="C:\Program Files\Java\jdk-21\bin;C:\WINDOWS\Sun\Java\bin;C:\WINDOWS\system32;C:\WINDOWS;C:\Program Files\Common Files\Oracle\Java\javapath;C:\Users\ever1\Downloads\WINDOWS.X64_213000_db_home\bin;C:\WINDOWS\system32;C:\WINDOWS;C:\WINDOWS\System32\Wbem;C:\WINDOWS\System32\WindowsPowerShell\v1.0\;C:\WINDOWS\System32\OpenSSH\;C:\Program Files\MySQL\MySQL Shell 8.0\bin\;C:\Users\ever1\AppData\Local\Microsoft\WindowsApps;;."/>
    <property name="java.vm.info" value="mixed mode, sharing"/>
    <property name="stderr.encoding" value="Cp1252"/>
    <property name="java.vendor" value="Oracle Corporation"/>
    <property name="java.vm.version" value="21.0.8+12-LTS-250"/>
    <property name="sun.io.unicode.encoding" value="UnicodeLittle"/>
    <property name="java.class.version" value="65.0"/>
    <property name="LOGGED_APPLICATION_NAME" value="[practica01] "/>
  </properties>
  <testcase name="contextLoads" classname="com.demo.ProyectoFinalApplicationTests" time="2.105">
    <system-out><![CDATA[02:18:06.840 [main] INFO org.springframework.test.context.support.AnnotationConfigContextLoaderUtils -- Could not detect default configuration classes for test class [com.demo.ProyectoFinalApplicationTests]: ProyectoFinalApplicationTests does not declare any static, non-private, non-final, nested classes annotated with @Configuration.
02:18:08.775 [main] INFO org.springframework.boot.test.context.SpringBootTestContextBootstrapper -- Found @SpringBootConfiguration com.ProyectoFinalApplication for test class com.demo.ProyectoFinalApplicationTests
02:18:09.933 [main] INFO org.springframework.boot.devtools.restart.RestartApplicationListener -- Restart disabled due to context in which it is running
01 02:18  INFO 4596 --- [practica01] [           main] com.demo.ProyectoFinalApplicationTests   : Starting ProyectoFinalApplicationTests using Java 21.0.8 with PID 4596 (started by ever1 in C:\Users\ever1\Downloads\proyecto_final_desarrollo_web\proyecto_final_desarrollo_web\proyecto_final_TBTECH)
01 02:18  INFO 4596 --- [practica01] [           main] com.demo.ProyectoFinalApplicationTests   : No active profile set, falling back to 1 default profile: "default"
01 02:18  INFO 4596 --- [practica01] [           main] .s.d.r.c.RepositoryConfigurationDelegate : Bootstrapping Spring Data JPA repositories in DEFAULT mode.
01 02:18  INFO 4596 --- [practica01] [           main] .s.d.r.c.RepositoryConfigurationDelegate : Finished Spring Data repository scanning in 3652 ms. Found 5 JPA repository interfaces.
01 02:18  INFO 4596 --- [practica01] [           main] com.zaxxer.hikari.HikariDataSource       : HikariPool-1 - Starting...
01 02:18  INFO 4596 --- [practica01] [           main] com.zaxxer.hikari.pool.HikariPool        : HikariPool-1 - Added connection com.mysql.cj.jdbc.ConnectionImpl@3a94d716
01 02:18  INFO 4596 --- [practica01] [           main] com.zaxxer.hikari.HikariDataSource       : HikariPool-1 - Start completed.
01 02:18  INFO 4596 --- [practica01] [           main] o.hibernate.jpa.internal.util.LogHelper  : HHH000204: Processing PersistenceUnitInfo [name: default]
01 02:18  INFO 4596 --- [practica01] [           main] org.hibernate.Version                    : HHH000412: Hibernate ORM core version 6.6.33.Final
01 02:18  INFO 4596 --- [practica01] [           main] o.h.c.internal.RegionFactoryInitiator    : HHH000026: Second-level cache disabled
01 02:18  INFO 4596 --- [practica01] [           main] o.s.o.j.p.SpringPersistenceUnitInfo      : No LoadTimeWeaver setup: ignoring JPA class transformer
01 02:18  WARN 4596 --- [practica01] [           main] org.hibernate.orm.deprecation            : HHH90000025: MySQLDialect does not need to be specified explicitly using 'hibernate.dialect' (remove the property setting and it will be selected by default)
01 02:18  INFO 4596 --- [practica01] [           main] org.hibernate.orm.connections.pooling    : HHH10001005: Database info:
	Database JDBC URL [Connecting through datasource 'HikariDataSource (HikariPool-1)']
	Database driver: undefined/unknown
	Database version: 8.0.44
	Autocommit mode: undefined/unknown
	Isolation level: undefined/unknown
	Minimum pool size: undefined/unknown
	Maximum pool size: undefined/unknown
01 02:18  INFO 4596 --- [practica01] [           main] o.h.e.t.j.p.i.JtaPlatformInitiator       : HHH000489: No JTA platform available (set 'hibernate.transaction.jta.platform' to enable JTA platform integration)
01 02:18  INFO 4596 --- [practica01] [           main] j.LocalContainerEntityManagerFactoryBean : Initialized JPA EntityManagerFactory for persistence unit 'default'
01 02:18  WARN 4596 --- [practica01] [           main] JpaBaseConfiguration$JpaWebConfiguration : spring.jpa.open-in-view is enabled by default. Therefore, database queries may be performed during view rendering. Explicitly configure spring.jpa.open-in-view to disable this warning
01 02:18  INFO 4596 --- [practica01] [           main] o.s.b.a.w.s.WelcomePageHandlerMapping    : Adding welcome page template: index
01 02:18  INFO 4596 --- [practica01] [           main] com.demo.ProyectoFinalApplicationTests   : Started ProyectoFinalApplicationTests in 46.498 seconds (process running for 54.038)
]]></system-out>
    <system-err><![CDATA[Mockito is currently self-attaching to enable the inline-mock-maker. This will no longer work in future releases of the JDK. Please add Mockito as an agent to your build as described in Mockito's documentation: https://javadoc.io/doc/org.mockito/mockito-core/latest/org.mockito/org/mockito/Mockito.html#0.3
WARNING: A Java agent has been loaded dynamically (C:\Users\ever1\.m2\repository\net\bytebuddy\byte-buddy-agent\1.17.8\byte-buddy-agent-1.17.8.jar)
WARNING: If a serviceability tool is in use, please run with -XX:+EnableDynamicAgentLoading to hide this warning
WARNING: If a serviceability tool is not in use, please run with -Djdk.instrument.traceUsage for more information
WARNING: Dynamic loading of agents will be disallowed by default in a future release
]]></system-err>
  </testcase>
</testsuite>